<?xml version="1.0" encoding="UTF-8"?>
<coverage generated="1744562497498" clover="3.2.0">
  <project timestamp="1744562497499" name="All files">
    <metrics statements="65" coveredstatements="50" conditionals="60" coveredconditionals="43" methods="21" coveredmethods="14" elements="146" coveredelements="107" complexity="0" loc="65" ncloc="65" packages="3" files="5" classes="5"/>
    <package name="app.(auth)">
      <metrics statements="24" coveredstatements="20" conditionals="4" coveredconditionals="4" methods="12" coveredmethods="8"/>
      <file name="login.tsx" path="/home/malte/Developer/Study/gardeningApp/green-fingers/app/(auth)/login.tsx">
        <metrics statements="24" coveredstatements="20" conditionals="4" coveredconditionals="4" methods="12" coveredmethods="8"/>
        <line num="19" count="9" type="stmt"/>
        <line num="20" count="9" type="stmt"/>
        <line num="25" count="9" type="stmt"/>
        <line num="27" count="9" type="stmt"/>
        <line num="28" count="3" type="stmt"/>
        <line num="34" count="9" type="stmt"/>
        <line num="35" count="2" type="stmt"/>
        <line num="41" count="9" type="stmt"/>
        <line num="42" count="3" type="stmt"/>
        <line num="44" count="3" type="cond" truecount="2" falsecount="0"/>
        <line num="45" count="1" type="stmt"/>
        <line num="46" count="1" type="stmt"/>
        <line num="49" count="2" type="cond" truecount="2" falsecount="0"/>
        <line num="50" count="1" type="stmt"/>
        <line num="51" count="1" type="stmt"/>
        <line num="54" count="1" type="stmt"/>
        <line num="57" count="9" type="stmt"/>
        <line num="69" count="2" type="stmt"/>
        <line num="71" count="0" type="stmt"/>
        <line num="80" count="1" type="stmt"/>
        <line num="82" count="0" type="stmt"/>
        <line num="90" count="0" type="stmt"/>
        <line num="98" count="0" type="stmt"/>
        <line num="109" count="1" type="stmt"/>
      </file>
    </package>
    <package name="components">
      <metrics statements="39" coveredstatements="28" conditionals="56" coveredconditionals="39" methods="9" coveredmethods="6"/>
      <file name="Button.tsx" path="/home/malte/Developer/Study/gardeningApp/green-fingers/components/Button.tsx">
        <metrics statements="10" coveredstatements="10" conditionals="25" coveredconditionals="18" methods="3" coveredmethods="3"/>
        <line num="26" count="1" type="stmt"/>
        <line num="35" count="27" type="stmt"/>
        <line num="36" count="27" type="cond" truecount="4" falsecount="0"/>
        <line num="38" count="9" type="stmt"/>
        <line num="44" count="9" type="stmt"/>
        <line num="51" count="9" type="stmt"/>
        <line num="59" count="27" type="stmt"/>
        <line num="61" count="27" type="stmt"/>
        <line num="63" count="27" type="stmt"/>
        <line num="89" count="1" type="stmt"/>
      </file>
      <file name="Input.tsx" path="/home/malte/Developer/Study/gardeningApp/green-fingers/components/Input.tsx">
        <metrics statements="29" coveredstatements="18" conditionals="31" coveredconditionals="21" methods="6" coveredmethods="3"/>
        <line num="29" count="1" type="stmt"/>
        <line num="40" count="20" type="stmt"/>
        <line num="41" count="20" type="stmt"/>
        <line num="42" count="20" type="stmt"/>
        <line num="44" count="20" type="stmt"/>
        <line num="45" count="10" type="cond" truecount="2" falsecount="0"/>
        <line num="46" count="2" type="stmt"/>
        <line num="47" count="8" type="cond" truecount="1" falsecount="1"/>
        <line num="48" count="0" type="stmt"/>
        <line num="49" count="8" type="cond" truecount="1" falsecount="1"/>
        <line num="50" count="0" type="stmt"/>
        <line num="51" count="8" type="cond" truecount="1" falsecount="1"/>
        <line num="52" count="0" type="stmt"/>
        <line num="54" count="8" type="stmt"/>
        <line num="58" count="20" type="stmt"/>
        <line num="59" count="20" type="cond" truecount="3" falsecount="4"/>
        <line num="61" count="0" type="stmt"/>
        <line num="66" count="0" type="stmt"/>
        <line num="71" count="0" type="stmt"/>
        <line num="76" count="2" type="stmt"/>
        <line num="81" count="0" type="stmt"/>
        <line num="87" count="18" type="stmt"/>
        <line num="94" count="20" type="stmt"/>
        <line num="96" count="20" type="stmt"/>
        <line num="112" count="0" type="stmt"/>
        <line num="113" count="0" type="stmt"/>
        <line num="115" count="0" type="stmt"/>
        <line num="124" count="0" type="stmt"/>
        <line num="138" count="1" type="stmt"/>
      </file>
    </package>
    <package name="constants">
      <metrics statements="2" coveredstatements="2" conditionals="0" coveredconditionals="0" methods="0" coveredmethods="0"/>
      <file name="colors.ts" path="/home/malte/Developer/Study/gardeningApp/green-fingers/constants/colors.ts">
        <metrics statements="1" coveredstatements="1" conditionals="0" coveredconditionals="0" methods="0" coveredmethods="0"/>
        <line num="2" count="1" type="stmt"/>
      </file>
      <file name="textStyles.ts" path="/home/malte/Developer/Study/gardeningApp/green-fingers/constants/textStyles.ts">
        <metrics statements="1" coveredstatements="1" conditionals="0" coveredconditionals="0" methods="0" coveredmethods="0"/>
        <line num="4" count="1" type="stmt"/>
      </file>
    </package>
  </project>
</coverage>
