{"/home/malte/Developer/Study/gardeningApp/green-fingers/api/api.ts": {"path":"/home/malte/Developer/Study/gardeningApp/green-fingers/api/api.ts","statementMap":{"0":{"start":{"line":3,"column":28},"end":{"line":3,"column":51}},"1":{"start":{"line":5,"column":25},"end":{"line":9,"column":1}},"2":{"start":{"line":6,"column":18},"end":{"line":6,"column":62}},"3":{"start":{"line":7,"column":2},"end":{"line":7,"column":55}},"4":{"start":{"line":7,"column":16},"end":{"line":7,"column":55}},"5":{"start":{"line":8,"column":2},"end":{"line":8,"column":33}}},"fnMap":{"0":{"name":"(anonymous_0)","decl":{"start":{"line":5,"column":25},"end":{"line":5,"column":26}},"loc":{"start":{"line":5,"column":66},"end":{"line":9,"column":1}},"line":5}},"branchMap":{"0":{"loc":{"start":{"line":7,"column":2},"end":{"line":7,"column":55}},"type":"if","locations":[{"start":{"line":7,"column":2},"end":{"line":7,"column":55}},{"start":{},"end":{}}],"line":7}},"s":{"0":5,"1":5,"2":5,"3":5,"4":1,"5":4},"f":{"0":5},"b":{"0":[1,4]},"_coverageSchema":"1a1c01bbd47fc00a2c39e90264f33305004495a9","hash":"eb01388e3a9174d0ccc5203f6c90931dd929dfe4"}
,"/home/malte/Developer/Study/gardeningApp/green-fingers/api/auth.ts": {"path":"/home/malte/Developer/Study/gardeningApp/green-fingers/api/auth.ts","statementMap":{"0":{"start":{"line":16,"column":25},"end":{"line":38,"column":1}},"1":{"start":{"line":19,"column":40},"end":{"line":19,"column":48}},"2":{"start":{"line":21,"column":14},"end":{"line":21,"column":45}},"3":{"start":{"line":23,"column":19},"end":{"line":29,"column":4}},"4":{"start":{"line":31,"column":23},"end":{"line":31,"column":44}},"5":{"start":{"line":33,"column":2},"end":{"line":35,"column":3}},"6":{"start":{"line":34,"column":4},"end":{"line":34,"column":40}},"7":{"start":{"line":37,"column":2},"end":{"line":37,"column":22}},"8":{"start":{"line":40,"column":24},"end":{"line":60,"column":1}},"9":{"start":{"line":41,"column":30},"end":{"line":41,"column":39}},"10":{"start":{"line":43,"column":14},"end":{"line":43,"column":44}},"11":{"start":{"line":45,"column":19},"end":{"line":51,"column":4}},"12":{"start":{"line":53,"column":23},"end":{"line":53,"column":44}},"13":{"start":{"line":55,"column":2},"end":{"line":57,"column":3}},"14":{"start":{"line":56,"column":4},"end":{"line":56,"column":40}},"15":{"start":{"line":59,"column":2},"end":{"line":59,"column":22}}},"fnMap":{"0":{"name":"(anonymous_0)","decl":{"start":{"line":16,"column":25},"end":{"line":16,"column":26}},"loc":{"start":{"line":18,"column":28},"end":{"line":38,"column":1}},"line":18},"1":{"name":"(anonymous_1)","decl":{"start":{"line":40,"column":24},"end":{"line":40,"column":25}},"loc":{"start":{"line":40,"column":79},"end":{"line":60,"column":1}},"line":40}},"branchMap":{"0":{"loc":{"start":{"line":33,"column":2},"end":{"line":35,"column":3}},"type":"if","locations":[{"start":{"line":33,"column":2},"end":{"line":35,"column":3}},{"start":{},"end":{}}],"line":33},"1":{"loc":{"start":{"line":55,"column":2},"end":{"line":57,"column":3}},"type":"if","locations":[{"start":{"line":55,"column":2},"end":{"line":57,"column":3}},{"start":{},"end":{}}],"line":55}},"s":{"0":2,"1":2,"2":2,"3":2,"4":2,"5":2,"6":1,"7":1,"8":2,"9":3,"10":3,"11":2,"12":2,"13":2,"14":1,"15":1},"f":{"0":2,"1":3},"b":{"0":[1,1],"1":[1,1]},"_coverageSchema":"1a1c01bbd47fc00a2c39e90264f33305004495a9","hash":"4110bc3201180137ab72379546d89297acc547c4"}
,"/home/malte/Developer/Study/gardeningApp/green-fingers/api/gardenService.ts": {"path":"/home/malte/Developer/Study/gardeningApp/green-fingers/api/gardenService.ts","statementMap":{"0":{"start":{"line":11,"column":28},"end":{"line":35,"column":1}},"1":{"start":{"line":12,"column":27},"end":{"line":12,"column":37}},"2":{"start":{"line":13,"column":16},"end":{"line":13,"column":61}},"3":{"start":{"line":14,"column":14},"end":{"line":14,"column":41}},"4":{"start":{"line":16,"column":19},"end":{"line":26,"column":4}},"5":{"start":{"line":28,"column":23},"end":{"line":28,"column":70}},"6":{"start":{"line":30,"column":2},"end":{"line":32,"column":3}},"7":{"start":{"line":31,"column":4},"end":{"line":31,"column":82}},"8":{"start":{"line":34,"column":2},"end":{"line":34,"column":22}},"9":{"start":{"line":37,"column":31},"end":{"line":60,"column":1}},"10":{"start":{"line":41,"column":16},"end":{"line":41,"column":61}},"11":{"start":{"line":42,"column":14},"end":{"line":42,"column":53}},"12":{"start":{"line":44,"column":19},"end":{"line":53,"column":4}},"13":{"start":{"line":55,"column":23},"end":{"line":55,"column":70}},"14":{"start":{"line":57,"column":2},"end":{"line":59,"column":3}},"15":{"start":{"line":58,"column":4},"end":{"line":58,"column":80}},"16":{"start":{"line":62,"column":31},"end":{"line":78,"column":1}},"17":{"start":{"line":63,"column":16},"end":{"line":63,"column":61}},"18":{"start":{"line":64,"column":14},"end":{"line":64,"column":53}},"19":{"start":{"line":66,"column":19},"end":{"line":71,"column":4}},"20":{"start":{"line":73,"column":23},"end":{"line":73,"column":70}},"21":{"start":{"line":75,"column":2},"end":{"line":77,"column":3}},"22":{"start":{"line":76,"column":4},"end":{"line":76,"column":82}},"23":{"start":{"line":80,"column":33},"end":{"line":98,"column":1}},"24":{"start":{"line":81,"column":16},"end":{"line":81,"column":61}},"25":{"start":{"line":82,"column":14},"end":{"line":82,"column":47}},"26":{"start":{"line":84,"column":19},"end":{"line":89,"column":4}},"27":{"start":{"line":91,"column":23},"end":{"line":91,"column":67}},"28":{"start":{"line":93,"column":2},"end":{"line":95,"column":3}},"29":{"start":{"line":94,"column":4},"end":{"line":94,"column":82}},"30":{"start":{"line":97,"column":2},"end":{"line":97,"column":22}}},"fnMap":{"0":{"name":"(anonymous_0)","decl":{"start":{"line":11,"column":28},"end":{"line":11,"column":29}},"loc":{"start":{"line":11,"column":78},"end":{"line":35,"column":1}},"line":11},"1":{"name":"(anonymous_1)","decl":{"start":{"line":37,"column":31},"end":{"line":37,"column":32}},"loc":{"start":{"line":40,"column":20},"end":{"line":60,"column":1}},"line":40},"2":{"name":"(anonymous_2)","decl":{"start":{"line":62,"column":31},"end":{"line":62,"column":32}},"loc":{"start":{"line":62,"column":74},"end":{"line":78,"column":1}},"line":62},"3":{"name":"(anonymous_3)","decl":{"start":{"line":80,"column":33},"end":{"line":80,"column":34}},"loc":{"start":{"line":80,"column":64},"end":{"line":98,"column":1}},"line":80}},"branchMap":{"0":{"loc":{"start":{"line":30,"column":2},"end":{"line":32,"column":3}},"type":"if","locations":[{"start":{"line":30,"column":2},"end":{"line":32,"column":3}},{"start":{},"end":{}}],"line":30},"1":{"loc":{"start":{"line":31,"column":20},"end":{"line":31,"column":80}},"type":"binary-expr","locations":[{"start":{"line":31,"column":20},"end":{"line":31,"column":38}},{"start":{"line":31,"column":42},"end":{"line":31,"column":80}}],"line":31},"2":{"loc":{"start":{"line":57,"column":2},"end":{"line":59,"column":3}},"type":"if","locations":[{"start":{"line":57,"column":2},"end":{"line":59,"column":3}},{"start":{},"end":{}}],"line":57},"3":{"loc":{"start":{"line":58,"column":20},"end":{"line":58,"column":78}},"type":"binary-expr","locations":[{"start":{"line":58,"column":20},"end":{"line":58,"column":38}},{"start":{"line":58,"column":42},"end":{"line":58,"column":78}}],"line":58},"4":{"loc":{"start":{"line":75,"column":2},"end":{"line":77,"column":3}},"type":"if","locations":[{"start":{"line":75,"column":2},"end":{"line":77,"column":3}},{"start":{},"end":{}}],"line":75},"5":{"loc":{"start":{"line":76,"column":20},"end":{"line":76,"column":80}},"type":"binary-expr","locations":[{"start":{"line":76,"column":20},"end":{"line":76,"column":38}},{"start":{"line":76,"column":42},"end":{"line":76,"column":80}}],"line":76},"6":{"loc":{"start":{"line":93,"column":2},"end":{"line":95,"column":3}},"type":"if","locations":[{"start":{"line":93,"column":2},"end":{"line":95,"column":3}},{"start":{},"end":{}}],"line":93},"7":{"loc":{"start":{"line":94,"column":20},"end":{"line":94,"column":80}},"type":"binary-expr","locations":[{"start":{"line":94,"column":20},"end":{"line":94,"column":38}},{"start":{"line":94,"column":42},"end":{"line":94,"column":80}}],"line":94}},"s":{"0":1,"1":2,"2":2,"3":2,"4":2,"5":2,"6":2,"7":1,"8":1,"9":1,"10":2,"11":2,"12":2,"13":2,"14":2,"15":1,"16":1,"17":2,"18":2,"19":2,"20":2,"21":2,"22":1,"23":1,"24":2,"25":2,"26":2,"27":2,"28":2,"29":1,"30":1},"f":{"0":2,"1":2,"2":2,"3":2},"b":{"0":[1,1],"1":[1,0],"2":[1,1],"3":[1,0],"4":[1,1],"5":[1,0],"6":[1,1],"7":[1,0]},"_coverageSchema":"1a1c01bbd47fc00a2c39e90264f33305004495a9","hash":"da2aebf8a9dc2a5ad9acb52ac7470be6929704cf"}
,"/home/malte/Developer/Study/gardeningApp/green-fingers/api/plantService.ts": {"path":"/home/malte/Developer/Study/gardeningApp/green-fingers/api/plantService.ts","statementMap":{"0":{"start":{"line":15,"column":34},"end":{"line":45,"column":1}},"1":{"start":{"line":18,"column":59},"end":{"line":18,"column":68}},"2":{"start":{"line":19,"column":16},"end":{"line":19,"column":61}},"3":{"start":{"line":20,"column":14},"end":{"line":20,"column":47}},"4":{"start":{"line":22,"column":19},"end":{"line":34,"column":4}},"5":{"start":{"line":36,"column":23},"end":{"line":36,"column":73}},"6":{"start":{"line":38,"column":2},"end":{"line":42,"column":3}},"7":{"start":{"line":39,"column":4},"end":{"line":41,"column":6}},"8":{"start":{"line":44,"column":2},"end":{"line":44,"column":25}},"9":{"start":{"line":47,"column":32},"end":{"line":67,"column":1}},"10":{"start":{"line":48,"column":16},"end":{"line":48,"column":61}},"11":{"start":{"line":49,"column":14},"end":{"line":49,"column":46}},"12":{"start":{"line":51,"column":19},"end":{"line":56,"column":4}},"13":{"start":{"line":58,"column":23},"end":{"line":58,"column":71}},"14":{"start":{"line":60,"column":2},"end":{"line":64,"column":3}},"15":{"start":{"line":61,"column":4},"end":{"line":63,"column":6}},"16":{"start":{"line":66,"column":2},"end":{"line":66,"column":22}},"17":{"start":{"line":69,"column":34},"end":{"line":87,"column":1}},"18":{"start":{"line":70,"column":16},"end":{"line":70,"column":61}},"19":{"start":{"line":71,"column":14},"end":{"line":71,"column":58}},"20":{"start":{"line":73,"column":19},"end":{"line":78,"column":4}},"21":{"start":{"line":80,"column":23},"end":{"line":80,"column":73}},"22":{"start":{"line":82,"column":2},"end":{"line":86,"column":3}},"23":{"start":{"line":83,"column":4},"end":{"line":85,"column":6}},"24":{"start":{"line":89,"column":34},"end":{"line":112,"column":1}},"25":{"start":{"line":93,"column":16},"end":{"line":93,"column":61}},"26":{"start":{"line":94,"column":14},"end":{"line":94,"column":58}},"27":{"start":{"line":96,"column":19},"end":{"line":105,"column":4}},"28":{"start":{"line":107,"column":23},"end":{"line":107,"column":73}},"29":{"start":{"line":109,"column":2},"end":{"line":111,"column":3}},"30":{"start":{"line":110,"column":4},"end":{"line":110,"column":79}},"31":{"start":{"line":114,"column":35},"end":{"line":134,"column":1}},"32":{"start":{"line":115,"column":16},"end":{"line":115,"column":61}},"33":{"start":{"line":116,"column":14},"end":{"line":116,"column":47}},"34":{"start":{"line":118,"column":19},"end":{"line":123,"column":4}},"35":{"start":{"line":125,"column":23},"end":{"line":125,"column":74}},"36":{"start":{"line":127,"column":2},"end":{"line":131,"column":3}},"37":{"start":{"line":128,"column":4},"end":{"line":130,"column":6}},"38":{"start":{"line":133,"column":2},"end":{"line":133,"column":22}},"39":{"start":{"line":136,"column":50},"end":{"line":161,"column":1}},"40":{"start":{"line":139,"column":16},"end":{"line":139,"column":61}},"41":{"start":{"line":140,"column":14},"end":{"line":142,"column":3}},"42":{"start":{"line":144,"column":19},"end":{"line":149,"column":4}},"43":{"start":{"line":152,"column":4},"end":{"line":152,"column":70}},"44":{"start":{"line":154,"column":2},"end":{"line":158,"column":3}},"45":{"start":{"line":155,"column":4},"end":{"line":157,"column":6}},"46":{"start":{"line":160,"column":2},"end":{"line":160,"column":22}},"47":{"start":{"line":163,"column":41},"end":{"line":184,"column":1}},"48":{"start":{"line":166,"column":16},"end":{"line":166,"column":61}},"49":{"start":{"line":167,"column":14},"end":{"line":167,"column":53}},"50":{"start":{"line":169,"column":19},"end":{"line":178,"column":4}},"51":{"start":{"line":180,"column":2},"end":{"line":183,"column":3}},"52":{"start":{"line":181,"column":22},"end":{"line":181,"column":43}},"53":{"start":{"line":182,"column":4},"end":{"line":182,"column":67}},"54":{"start":{"line":186,"column":34},"end":{"line":210,"column":1}},"55":{"start":{"line":190,"column":16},"end":{"line":190,"column":61}},"56":{"start":{"line":191,"column":14},"end":{"line":191,"column":58}},"57":{"start":{"line":193,"column":19},"end":{"line":204,"column":4}},"58":{"start":{"line":206,"column":2},"end":{"line":209,"column":3}},"59":{"start":{"line":207,"column":26},"end":{"line":207,"column":47}},"60":{"start":{"line":208,"column":4},"end":{"line":208,"column":75}}},"fnMap":{"0":{"name":"(anonymous_0)","decl":{"start":{"line":15,"column":34},"end":{"line":15,"column":35}},"loc":{"start":{"line":17,"column":22},"end":{"line":45,"column":1}},"line":17},"1":{"name":"(anonymous_1)","decl":{"start":{"line":47,"column":32},"end":{"line":47,"column":33}},"loc":{"start":{"line":47,"column":66},"end":{"line":67,"column":1}},"line":47},"2":{"name":"(anonymous_2)","decl":{"start":{"line":69,"column":34},"end":{"line":69,"column":35}},"loc":{"start":{"line":69,"column":76},"end":{"line":87,"column":1}},"line":69},"3":{"name":"(anonymous_3)","decl":{"start":{"line":89,"column":34},"end":{"line":89,"column":35}},"loc":{"start":{"line":92,"column":20},"end":{"line":112,"column":1}},"line":92},"4":{"name":"(anonymous_4)","decl":{"start":{"line":114,"column":35},"end":{"line":114,"column":36}},"loc":{"start":{"line":114,"column":72},"end":{"line":134,"column":1}},"line":114},"5":{"name":"(anonymous_5)","decl":{"start":{"line":136,"column":50},"end":{"line":136,"column":51}},"loc":{"start":{"line":138,"column":30},"end":{"line":161,"column":1}},"line":138},"6":{"name":"(anonymous_6)","decl":{"start":{"line":163,"column":41},"end":{"line":163,"column":42}},"loc":{"start":{"line":165,"column":20},"end":{"line":184,"column":1}},"line":165},"7":{"name":"(anonymous_7)","decl":{"start":{"line":186,"column":34},"end":{"line":186,"column":35}},"loc":{"start":{"line":189,"column":20},"end":{"line":210,"column":1}},"line":189}},"branchMap":{"0":{"loc":{"start":{"line":38,"column":2},"end":{"line":42,"column":3}},"type":"if","locations":[{"start":{"line":38,"column":2},"end":{"line":42,"column":3}},{"start":{},"end":{}}],"line":38},"1":{"loc":{"start":{"line":38,"column":6},"end":{"line":38,"column":57}},"type":"binary-expr","locations":[{"start":{"line":38,"column":6},"end":{"line":38,"column":18}},{"start":{"line":38,"column":22},"end":{"line":38,"column":57}}],"line":38},"2":{"loc":{"start":{"line":40,"column":6},"end":{"line":40,"column":65}},"type":"binary-expr","locations":[{"start":{"line":40,"column":6},"end":{"line":40,"column":24}},{"start":{"line":40,"column":28},"end":{"line":40,"column":65}}],"line":40},"3":{"loc":{"start":{"line":60,"column":2},"end":{"line":64,"column":3}},"type":"if","locations":[{"start":{"line":60,"column":2},"end":{"line":64,"column":3}},{"start":{},"end":{}}],"line":60},"4":{"loc":{"start":{"line":62,"column":6},"end":{"line":62,"column":65}},"type":"binary-expr","locations":[{"start":{"line":62,"column":6},"end":{"line":62,"column":24}},{"start":{"line":62,"column":28},"end":{"line":62,"column":65}}],"line":62},"5":{"loc":{"start":{"line":82,"column":2},"end":{"line":86,"column":3}},"type":"if","locations":[{"start":{"line":82,"column":2},"end":{"line":86,"column":3}},{"start":{},"end":{}}],"line":82},"6":{"loc":{"start":{"line":84,"column":6},"end":{"line":84,"column":65}},"type":"binary-expr","locations":[{"start":{"line":84,"column":6},"end":{"line":84,"column":24}},{"start":{"line":84,"column":28},"end":{"line":84,"column":65}}],"line":84},"7":{"loc":{"start":{"line":109,"column":2},"end":{"line":111,"column":3}},"type":"if","locations":[{"start":{"line":109,"column":2},"end":{"line":111,"column":3}},{"start":{},"end":{}}],"line":109},"8":{"loc":{"start":{"line":110,"column":20},"end":{"line":110,"column":77}},"type":"binary-expr","locations":[{"start":{"line":110,"column":20},"end":{"line":110,"column":38}},{"start":{"line":110,"column":42},"end":{"line":110,"column":77}}],"line":110},"9":{"loc":{"start":{"line":127,"column":2},"end":{"line":131,"column":3}},"type":"if","locations":[{"start":{"line":127,"column":2},"end":{"line":131,"column":3}},{"start":{},"end":{}}],"line":127},"10":{"loc":{"start":{"line":129,"column":6},"end":{"line":129,"column":73}},"type":"binary-expr","locations":[{"start":{"line":129,"column":6},"end":{"line":129,"column":24}},{"start":{"line":129,"column":28},"end":{"line":129,"column":73}}],"line":129},"11":{"loc":{"start":{"line":154,"column":2},"end":{"line":158,"column":3}},"type":"if","locations":[{"start":{"line":154,"column":2},"end":{"line":158,"column":3}},{"start":{},"end":{}}],"line":154},"12":{"loc":{"start":{"line":156,"column":6},"end":{"line":156,"column":71}},"type":"binary-expr","locations":[{"start":{"line":156,"column":6},"end":{"line":156,"column":24}},{"start":{"line":156,"column":28},"end":{"line":156,"column":71}}],"line":156},"13":{"loc":{"start":{"line":180,"column":2},"end":{"line":183,"column":3}},"type":"if","locations":[{"start":{"line":180,"column":2},"end":{"line":183,"column":3}},{"start":{},"end":{}}],"line":180},"14":{"loc":{"start":{"line":206,"column":2},"end":{"line":209,"column":3}},"type":"if","locations":[{"start":{"line":206,"column":2},"end":{"line":209,"column":3}},{"start":{},"end":{}}],"line":206}},"s":{"0":1,"1":1,"2":1,"3":1,"4":1,"5":1,"6":1,"7":0,"8":1,"9":1,"10":1,"11":1,"12":1,"13":1,"14":1,"15":0,"16":1,"17":1,"18":1,"19":1,"20":1,"21":1,"22":1,"23":0,"24":1,"25":1,"26":1,"27":1,"28":1,"29":1,"30":0,"31":1,"32":1,"33":1,"34":1,"35":1,"36":1,"37":0,"38":1,"39":1,"40":1,"41":1,"42":1,"43":1,"44":1,"45":0,"46":1,"47":1,"48":1,"49":1,"50":1,"51":1,"52":0,"53":0,"54":1,"55":1,"56":1,"57":1,"58":1,"59":0,"60":0},"f":{"0":1,"1":1,"2":1,"3":1,"4":1,"5":1,"6":1,"7":1},"b":{"0":[0,1],"1":[1,1],"2":[0,0],"3":[0,1],"4":[0,0],"5":[0,1],"6":[0,0],"7":[0,1],"8":[0,0],"9":[0,1],"10":[0,0],"11":[0,1],"12":[0,0],"13":[0,1],"14":[0,1]},"_coverageSchema":"1a1c01bbd47fc00a2c39e90264f33305004495a9","hash":"0114e3799ed49167758b9697dac9fd2d7a557214"}
,"/home/malte/Developer/Study/gardeningApp/green-fingers/api/sensorService.ts": {"path":"/home/malte/Developer/Study/gardeningApp/green-fingers/api/sensorService.ts","statementMap":{"0":{"start":{"line":18,"column":40},"end":{"line":39,"column":1}},"1":{"start":{"line":19,"column":16},"end":{"line":19,"column":61}},"2":{"start":{"line":20,"column":14},"end":{"line":20,"column":47}},"3":{"start":{"line":22,"column":19},"end":{"line":27,"column":4}},"4":{"start":{"line":30,"column":4},"end":{"line":30,"column":60}},"5":{"start":{"line":32,"column":2},"end":{"line":36,"column":3}},"6":{"start":{"line":33,"column":4},"end":{"line":35,"column":6}},"7":{"start":{"line":38,"column":2},"end":{"line":38,"column":22}},"8":{"start":{"line":41,"column":36},"end":{"line":64,"column":1}},"9":{"start":{"line":44,"column":16},"end":{"line":44,"column":61}},"10":{"start":{"line":45,"column":14},"end":{"line":45,"column":59}},"11":{"start":{"line":47,"column":19},"end":{"line":52,"column":4}},"12":{"start":{"line":54,"column":23},"end":{"line":54,"column":75}},"13":{"start":{"line":56,"column":2},"end":{"line":61,"column":3}},"14":{"start":{"line":57,"column":4},"end":{"line":60,"column":6}},"15":{"start":{"line":63,"column":2},"end":{"line":63,"column":22}},"16":{"start":{"line":66,"column":39},"end":{"line":90,"column":1}},"17":{"start":{"line":69,"column":16},"end":{"line":69,"column":61}},"18":{"start":{"line":70,"column":14},"end":{"line":70,"column":67}},"19":{"start":{"line":72,"column":19},"end":{"line":77,"column":4}},"20":{"start":{"line":80,"column":4},"end":{"line":80,"column":67}},"21":{"start":{"line":82,"column":2},"end":{"line":87,"column":3}},"22":{"start":{"line":83,"column":4},"end":{"line":86,"column":6}},"23":{"start":{"line":89,"column":2},"end":{"line":89,"column":22}},"24":{"start":{"line":92,"column":31},"end":{"line":110,"column":1}},"25":{"start":{"line":93,"column":16},"end":{"line":93,"column":61}},"26":{"start":{"line":94,"column":14},"end":{"line":94,"column":59}},"27":{"start":{"line":96,"column":19},"end":{"line":101,"column":4}},"28":{"start":{"line":103,"column":23},"end":{"line":103,"column":70}},"29":{"start":{"line":105,"column":2},"end":{"line":109,"column":3}},"30":{"start":{"line":106,"column":4},"end":{"line":108,"column":6}},"31":{"start":{"line":112,"column":31},"end":{"line":139,"column":1}},"32":{"start":{"line":116,"column":16},"end":{"line":116,"column":61}},"33":{"start":{"line":117,"column":14},"end":{"line":117,"column":59}},"34":{"start":{"line":119,"column":19},"end":{"line":130,"column":4}},"35":{"start":{"line":132,"column":23},"end":{"line":132,"column":70}},"36":{"start":{"line":134,"column":2},"end":{"line":138,"column":3}},"37":{"start":{"line":135,"column":4},"end":{"line":137,"column":6}}},"fnMap":{"0":{"name":"(anonymous_0)","decl":{"start":{"line":18,"column":40},"end":{"line":18,"column":41}},"loc":{"start":{"line":18,"column":79},"end":{"line":39,"column":1}},"line":18},"1":{"name":"(anonymous_1)","decl":{"start":{"line":41,"column":36},"end":{"line":41,"column":37}},"loc":{"start":{"line":43,"column":30},"end":{"line":64,"column":1}},"line":43},"2":{"name":"(anonymous_2)","decl":{"start":{"line":66,"column":39},"end":{"line":66,"column":40}},"loc":{"start":{"line":68,"column":33},"end":{"line":90,"column":1}},"line":68},"3":{"name":"(anonymous_3)","decl":{"start":{"line":92,"column":31},"end":{"line":92,"column":32}},"loc":{"start":{"line":92,"column":74},"end":{"line":110,"column":1}},"line":92},"4":{"name":"(anonymous_4)","decl":{"start":{"line":112,"column":31},"end":{"line":112,"column":32}},"loc":{"start":{"line":115,"column":20},"end":{"line":139,"column":1}},"line":115}},"branchMap":{"0":{"loc":{"start":{"line":32,"column":2},"end":{"line":36,"column":3}},"type":"if","locations":[{"start":{"line":32,"column":2},"end":{"line":36,"column":3}},{"start":{},"end":{}}],"line":32},"1":{"loc":{"start":{"line":34,"column":6},"end":{"line":34,"column":75}},"type":"binary-expr","locations":[{"start":{"line":34,"column":6},"end":{"line":34,"column":24}},{"start":{"line":34,"column":28},"end":{"line":34,"column":75}}],"line":34},"2":{"loc":{"start":{"line":56,"column":2},"end":{"line":61,"column":3}},"type":"if","locations":[{"start":{"line":56,"column":2},"end":{"line":61,"column":3}},{"start":{},"end":{}}],"line":56},"3":{"loc":{"start":{"line":58,"column":6},"end":{"line":59,"column":85}},"type":"binary-expr","locations":[{"start":{"line":58,"column":6},"end":{"line":58,"column":24}},{"start":{"line":59,"column":6},"end":{"line":59,"column":85}}],"line":58},"4":{"loc":{"start":{"line":82,"column":2},"end":{"line":87,"column":3}},"type":"if","locations":[{"start":{"line":82,"column":2},"end":{"line":87,"column":3}},{"start":{},"end":{}}],"line":82},"5":{"loc":{"start":{"line":84,"column":6},"end":{"line":85,"column":85}},"type":"binary-expr","locations":[{"start":{"line":84,"column":6},"end":{"line":84,"column":24}},{"start":{"line":85,"column":6},"end":{"line":85,"column":85}}],"line":84},"6":{"loc":{"start":{"line":105,"column":2},"end":{"line":109,"column":3}},"type":"if","locations":[{"start":{"line":105,"column":2},"end":{"line":109,"column":3}},{"start":{},"end":{}}],"line":105},"7":{"loc":{"start":{"line":107,"column":6},"end":{"line":107,"column":66}},"type":"binary-expr","locations":[{"start":{"line":107,"column":6},"end":{"line":107,"column":24}},{"start":{"line":107,"column":28},"end":{"line":107,"column":66}}],"line":107},"8":{"loc":{"start":{"line":134,"column":2},"end":{"line":138,"column":3}},"type":"if","locations":[{"start":{"line":134,"column":2},"end":{"line":138,"column":3}},{"start":{},"end":{}}],"line":134},"9":{"loc":{"start":{"line":136,"column":6},"end":{"line":136,"column":64}},"type":"binary-expr","locations":[{"start":{"line":136,"column":6},"end":{"line":136,"column":24}},{"start":{"line":136,"column":28},"end":{"line":136,"column":64}}],"line":136}},"s":{"0":1,"1":1,"2":1,"3":1,"4":1,"5":1,"6":0,"7":1,"8":1,"9":1,"10":1,"11":1,"12":1,"13":1,"14":0,"15":1,"16":1,"17":1,"18":1,"19":1,"20":1,"21":1,"22":0,"23":1,"24":1,"25":1,"26":1,"27":1,"28":1,"29":1,"30":0,"31":1,"32":1,"33":1,"34":1,"35":1,"36":1,"37":0},"f":{"0":1,"1":1,"2":1,"3":1,"4":1},"b":{"0":[0,1],"1":[0,0],"2":[0,1],"3":[0,0],"4":[0,1],"5":[0,0],"6":[0,1],"7":[0,0],"8":[0,1],"9":[0,0]},"_coverageSchema":"1a1c01bbd47fc00a2c39e90264f33305004495a9","hash":"4b03b9350441af7d09a007b9da3c194f4354b8a2"}
,"/home/malte/Developer/Study/gardeningApp/green-fingers/context/AuthContext.tsx": {"path":"/home/malte/Developer/Study/gardeningApp/green-fingers/context/AuthContext.tsx","statementMap":{"0":{"start":{"line":8,"column":20},"end":{"line":8,"column":74}},"1":{"start":{"line":10,"column":23},"end":{"line":16,"column":1}},"2":{"start":{"line":11,"column":18},"end":{"line":11,"column":41}},"3":{"start":{"line":12,"column":2},"end":{"line":14,"column":3}},"4":{"start":{"line":13,"column":4},"end":{"line":13,"column":67}},"5":{"start":{"line":15,"column":2},"end":{"line":15,"column":17}},"6":{"start":{"line":18,"column":63},"end":{"line":131,"column":1}},"7":{"start":{"line":21,"column":26},"end":{"line":21,"column":67}},"8":{"start":{"line":23,"column":17},"end":{"line":23,"column":28}},"9":{"start":{"line":25,"column":19},"end":{"line":25,"column":25}},"10":{"start":{"line":28,"column":16},"end":{"line":53,"column":3}},"11":{"start":{"line":29,"column":4},"end":{"line":52,"column":5}},"12":{"start":{"line":30,"column":27},"end":{"line":30,"column":52}},"13":{"start":{"line":32,"column":6},"end":{"line":45,"column":7}},"14":{"start":{"line":33,"column":40},"end":{"line":33,"column":57}},"15":{"start":{"line":34,"column":8},"end":{"line":38,"column":11}},"16":{"start":{"line":39,"column":8},"end":{"line":39,"column":80}},"17":{"start":{"line":40,"column":8},"end":{"line":43,"column":10}},"18":{"start":{"line":44,"column":8},"end":{"line":44,"column":40}},"19":{"start":{"line":47,"column":6},"end":{"line":51,"column":7}},"20":{"start":{"line":48,"column":8},"end":{"line":48,"column":20}},"21":{"start":{"line":50,"column":8},"end":{"line":50,"column":66}},"22":{"start":{"line":56,"column":17},"end":{"line":81,"column":3}},"23":{"start":{"line":57,"column":4},"end":{"line":80,"column":5}},"24":{"start":{"line":58,"column":27},"end":{"line":58,"column":54}},"25":{"start":{"line":60,"column":6},"end":{"line":73,"column":7}},"26":{"start":{"line":61,"column":40},"end":{"line":61,"column":57}},"27":{"start":{"line":62,"column":8},"end":{"line":66,"column":11}},"28":{"start":{"line":67,"column":8},"end":{"line":67,"column":80}},"29":{"start":{"line":68,"column":8},"end":{"line":71,"column":10}},"30":{"start":{"line":72,"column":8},"end":{"line":72,"column":40}},"31":{"start":{"line":75,"column":6},"end":{"line":79,"column":7}},"32":{"start":{"line":76,"column":8},"end":{"line":76,"column":20}},"33":{"start":{"line":78,"column":8},"end":{"line":78,"column":69}},"34":{"start":{"line":84,"column":17},"end":{"line":99,"column":3}},"35":{"start":{"line":85,"column":4},"end":{"line":98,"column":5}},"36":{"start":{"line":86,"column":6},"end":{"line":86,"column":55}},"37":{"start":{"line":87,"column":6},"end":{"line":87,"column":56}},"38":{"start":{"line":89,"column":6},"end":{"line":89,"column":25}},"39":{"start":{"line":91,"column":6},"end":{"line":91,"column":31}},"40":{"start":{"line":93,"column":6},"end":{"line":97,"column":7}},"41":{"start":{"line":94,"column":8},"end":{"line":94,"column":20}},"42":{"start":{"line":96,"column":8},"end":{"line":96,"column":67}},"43":{"start":{"line":102,"column":21},"end":{"line":115,"column":3}},"44":{"start":{"line":103,"column":4},"end":{"line":114,"column":6}},"45":{"start":{"line":104,"column":6},"end":{"line":113,"column":19}},"46":{"start":{"line":117,"column":2},"end":{"line":130,"column":4}}},"fnMap":{"0":{"name":"(anonymous_0)","decl":{"start":{"line":10,"column":23},"end":{"line":10,"column":24}},"loc":{"start":{"line":10,"column":29},"end":{"line":16,"column":1}},"line":10},"1":{"name":"(anonymous_1)","decl":{"start":{"line":18,"column":63},"end":{"line":18,"column":64}},"loc":{"start":{"line":20,"column":6},"end":{"line":131,"column":1}},"line":20},"2":{"name":"(anonymous_2)","decl":{"start":{"line":28,"column":16},"end":{"line":28,"column":17}},"loc":{"start":{"line":28,"column":63},"end":{"line":53,"column":3}},"line":28},"3":{"name":"(anonymous_3)","decl":{"start":{"line":56,"column":17},"end":{"line":56,"column":18}},"loc":{"start":{"line":56,"column":66},"end":{"line":81,"column":3}},"line":56},"4":{"name":"(anonymous_4)","decl":{"start":{"line":84,"column":17},"end":{"line":84,"column":18}},"loc":{"start":{"line":84,"column":29},"end":{"line":99,"column":3}},"line":84},"5":{"name":"(anonymous_5)","decl":{"start":{"line":102,"column":21},"end":{"line":102,"column":22}},"loc":{"start":{"line":102,"column":53},"end":{"line":115,"column":3}},"line":102},"6":{"name":"(anonymous_6)","decl":{"start":{"line":103,"column":12},"end":{"line":103,"column":13}},"loc":{"start":{"line":104,"column":6},"end":{"line":113,"column":19}},"line":104}},"branchMap":{"0":{"loc":{"start":{"line":12,"column":2},"end":{"line":14,"column":3}},"type":"if","locations":[{"start":{"line":12,"column":2},"end":{"line":14,"column":3}},{"start":{},"end":{}}],"line":12},"1":{"loc":{"start":{"line":32,"column":6},"end":{"line":45,"column":7}},"type":"if","locations":[{"start":{"line":32,"column":6},"end":{"line":45,"column":7}},{"start":{},"end":{}}],"line":32},"2":{"loc":{"start":{"line":47,"column":6},"end":{"line":51,"column":7}},"type":"if","locations":[{"start":{"line":47,"column":6},"end":{"line":51,"column":7}},{"start":{"line":49,"column":13},"end":{"line":51,"column":7}}],"line":47},"3":{"loc":{"start":{"line":60,"column":6},"end":{"line":73,"column":7}},"type":"if","locations":[{"start":{"line":60,"column":6},"end":{"line":73,"column":7}},{"start":{},"end":{}}],"line":60},"4":{"loc":{"start":{"line":75,"column":6},"end":{"line":79,"column":7}},"type":"if","locations":[{"start":{"line":75,"column":6},"end":{"line":79,"column":7}},{"start":{"line":77,"column":13},"end":{"line":79,"column":7}}],"line":75},"5":{"loc":{"start":{"line":93,"column":6},"end":{"line":97,"column":7}},"type":"if","locations":[{"start":{"line":93,"column":6},"end":{"line":97,"column":7}},{"start":{"line":95,"column":13},"end":{"line":97,"column":7}}],"line":93},"6":{"loc":{"start":{"line":104,"column":6},"end":{"line":113,"column":19}},"type":"cond-expr","locations":[{"start":{"line":105,"column":10},"end":{"line":112,"column":11}},{"start":{"line":113,"column":10},"end":{"line":113,"column":19}}],"line":104},"7":{"loc":{"start":{"line":109,"column":14},"end":{"line":111,"column":29}},"type":"cond-expr","locations":[{"start":{"line":110,"column":18},"end":{"line":110,"column":40}},{"start":{"line":111,"column":18},"end":{"line":111,"column":29}}],"line":109}},"s":{"0":1,"1":1,"2":8,"3":8,"4":0,"5":8,"6":1,"7":4,"8":4,"9":4,"10":4,"11":1,"12":1,"13":1,"14":1,"15":1,"16":1,"17":1,"18":1,"19":0,"20":0,"21":0,"22":4,"23":1,"24":1,"25":1,"26":1,"27":1,"28":1,"29":1,"30":1,"31":0,"32":0,"33":0,"34":4,"35":0,"36":0,"37":0,"38":0,"39":0,"40":0,"41":0,"42":0,"43":4,"44":0,"45":0,"46":4},"f":{"0":8,"1":4,"2":1,"3":1,"4":0,"5":0,"6":0},"b":{"0":[0,8],"1":[1,0],"2":[0,0],"3":[1,0],"4":[0,0],"5":[0,0],"6":[0,0],"7":[0,0]},"_coverageSchema":"1a1c01bbd47fc00a2c39e90264f33305004495a9","hash":"f1d052680349eb06bcca0df57a632465a2937520"}
,"/home/malte/Developer/Study/gardeningApp/green-fingers/types/models.ts": {"path":"/home/malte/Developer/Study/gardeningApp/green-fingers/types/models.ts","statementMap":{},"fnMap":{},"branchMap":{},"s":{},"f":{},"b":{},"_coverageSchema":"1a1c01bbd47fc00a2c39e90264f33305004495a9","hash":"91a76b6ec5157bbf667bd050ebb53df84355098e"}
}
