{"/home/malte/Developer/Study/gardeningApp/green-fingers/api/auth.ts": {"path":"/home/malte/Developer/Study/gardeningApp/green-fingers/api/auth.ts","statementMap":{"0":{"start":{"line":24,"column":20},"end":{"line":24,"column":59}},"1":{"start":{"line":26,"column":25},"end":{"line":48,"column":1}},"2":{"start":{"line":27,"column":40},"end":{"line":27,"column":48}},"3":{"start":{"line":29,"column":19},"end":{"line":39,"column":4}},"4":{"start":{"line":41,"column":23},"end":{"line":41,"column":44}},"5":{"start":{"line":43,"column":2},"end":{"line":45,"column":3}},"6":{"start":{"line":44,"column":4},"end":{"line":44,"column":40}},"7":{"start":{"line":47,"column":2},"end":{"line":47,"column":22}},"8":{"start":{"line":50,"column":24},"end":{"line":71,"column":1}},"9":{"start":{"line":51,"column":30},"end":{"line":51,"column":39}},"10":{"start":{"line":53,"column":19},"end":{"line":62,"column":4}},"11":{"start":{"line":64,"column":23},"end":{"line":64,"column":44}},"12":{"start":{"line":66,"column":2},"end":{"line":68,"column":3}},"13":{"start":{"line":67,"column":4},"end":{"line":67,"column":40}},"14":{"start":{"line":70,"column":2},"end":{"line":70,"column":22}}},"fnMap":{"0":{"name":"(anonymous_0)","decl":{"start":{"line":26,"column":25},"end":{"line":26,"column":26}},"loc":{"start":{"line":26,"column":80},"end":{"line":48,"column":1}},"line":26},"1":{"name":"(anonymous_1)","decl":{"start":{"line":50,"column":24},"end":{"line":50,"column":25}},"loc":{"start":{"line":50,"column":79},"end":{"line":71,"column":1}},"line":50}},"branchMap":{"0":{"loc":{"start":{"line":43,"column":2},"end":{"line":45,"column":3}},"type":"if","locations":[{"start":{"line":43,"column":2},"end":{"line":45,"column":3}},{"start":{},"end":{}}],"line":43},"1":{"loc":{"start":{"line":66,"column":2},"end":{"line":68,"column":3}},"type":"if","locations":[{"start":{"line":66,"column":2},"end":{"line":68,"column":3}},{"start":{},"end":{}}],"line":66}},"s":{"0":2,"1":2,"2":3,"3":3,"4":3,"5":3,"6":2,"7":1,"8":2,"9":2,"10":2,"11":2,"12":2,"13":1,"14":1},"f":{"0":3,"1":2},"b":{"0":[2,1],"1":[1,1]},"_coverageSchema":"1a1c01bbd47fc00a2c39e90264f33305004495a9","hash":"53cb2a96badd47cbeb73f8cff652a51b09b4e069"}
,"/home/malte/Developer/Study/gardeningApp/green-fingers/context/AuthContext.tsx": {"path":"/home/malte/Developer/Study/gardeningApp/green-fingers/context/AuthContext.tsx","statementMap":{"0":{"start":{"line":13,"column":20},"end":{"line":13,"column":74}},"1":{"start":{"line":15,"column":23},"end":{"line":21,"column":1}},"2":{"start":{"line":16,"column":18},"end":{"line":16,"column":41}},"3":{"start":{"line":17,"column":2},"end":{"line":19,"column":3}},"4":{"start":{"line":18,"column":4},"end":{"line":18,"column":67}},"5":{"start":{"line":20,"column":2},"end":{"line":20,"column":17}},"6":{"start":{"line":23,"column":63},"end":{"line":135,"column":1}},"7":{"start":{"line":26,"column":26},"end":{"line":26,"column":67}},"8":{"start":{"line":28,"column":17},"end":{"line":28,"column":28}},"9":{"start":{"line":30,"column":19},"end":{"line":30,"column":25}},"10":{"start":{"line":33,"column":16},"end":{"line":58,"column":3}},"11":{"start":{"line":34,"column":4},"end":{"line":57,"column":5}},"12":{"start":{"line":35,"column":27},"end":{"line":35,"column":52}},"13":{"start":{"line":37,"column":6},"end":{"line":50,"column":7}},"14":{"start":{"line":38,"column":40},"end":{"line":38,"column":57}},"15":{"start":{"line":39,"column":8},"end":{"line":43,"column":11}},"16":{"start":{"line":44,"column":8},"end":{"line":44,"column":80}},"17":{"start":{"line":45,"column":8},"end":{"line":48,"column":10}},"18":{"start":{"line":49,"column":8},"end":{"line":49,"column":40}},"19":{"start":{"line":52,"column":6},"end":{"line":56,"column":7}},"20":{"start":{"line":53,"column":8},"end":{"line":53,"column":20}},"21":{"start":{"line":55,"column":8},"end":{"line":55,"column":66}},"22":{"start":{"line":61,"column":17},"end":{"line":85,"column":3}},"23":{"start":{"line":62,"column":4},"end":{"line":84,"column":5}},"24":{"start":{"line":63,"column":27},"end":{"line":63,"column":54}},"25":{"start":{"line":65,"column":6},"end":{"line":77,"column":7}},"26":{"start":{"line":66,"column":40},"end":{"line":66,"column":57}},"27":{"start":{"line":67,"column":8},"end":{"line":71,"column":11}},"28":{"start":{"line":72,"column":8},"end":{"line":72,"column":80}},"29":{"start":{"line":73,"column":8},"end":{"line":76,"column":10}},"30":{"start":{"line":79,"column":6},"end":{"line":83,"column":7}},"31":{"start":{"line":80,"column":8},"end":{"line":80,"column":20}},"32":{"start":{"line":82,"column":8},"end":{"line":82,"column":69}},"33":{"start":{"line":88,"column":17},"end":{"line":103,"column":3}},"34":{"start":{"line":89,"column":4},"end":{"line":102,"column":5}},"35":{"start":{"line":90,"column":6},"end":{"line":90,"column":55}},"36":{"start":{"line":91,"column":6},"end":{"line":91,"column":56}},"37":{"start":{"line":93,"column":6},"end":{"line":93,"column":25}},"38":{"start":{"line":95,"column":6},"end":{"line":95,"column":31}},"39":{"start":{"line":97,"column":6},"end":{"line":101,"column":7}},"40":{"start":{"line":98,"column":8},"end":{"line":98,"column":20}},"41":{"start":{"line":100,"column":8},"end":{"line":100,"column":67}},"42":{"start":{"line":106,"column":21},"end":{"line":119,"column":3}},"43":{"start":{"line":107,"column":4},"end":{"line":118,"column":6}},"44":{"start":{"line":108,"column":6},"end":{"line":117,"column":19}},"45":{"start":{"line":121,"column":2},"end":{"line":134,"column":4}}},"fnMap":{"0":{"name":"(anonymous_0)","decl":{"start":{"line":15,"column":23},"end":{"line":15,"column":24}},"loc":{"start":{"line":15,"column":29},"end":{"line":21,"column":1}},"line":15},"1":{"name":"(anonymous_1)","decl":{"start":{"line":23,"column":63},"end":{"line":23,"column":64}},"loc":{"start":{"line":25,"column":6},"end":{"line":135,"column":1}},"line":25},"2":{"name":"(anonymous_2)","decl":{"start":{"line":33,"column":16},"end":{"line":33,"column":17}},"loc":{"start":{"line":33,"column":63},"end":{"line":58,"column":3}},"line":33},"3":{"name":"(anonymous_3)","decl":{"start":{"line":61,"column":17},"end":{"line":61,"column":18}},"loc":{"start":{"line":61,"column":66},"end":{"line":85,"column":3}},"line":61},"4":{"name":"(anonymous_4)","decl":{"start":{"line":88,"column":17},"end":{"line":88,"column":18}},"loc":{"start":{"line":88,"column":29},"end":{"line":103,"column":3}},"line":88},"5":{"name":"(anonymous_5)","decl":{"start":{"line":106,"column":21},"end":{"line":106,"column":22}},"loc":{"start":{"line":106,"column":53},"end":{"line":119,"column":3}},"line":106},"6":{"name":"(anonymous_6)","decl":{"start":{"line":107,"column":12},"end":{"line":107,"column":13}},"loc":{"start":{"line":108,"column":6},"end":{"line":117,"column":19}},"line":108}},"branchMap":{"0":{"loc":{"start":{"line":17,"column":2},"end":{"line":19,"column":3}},"type":"if","locations":[{"start":{"line":17,"column":2},"end":{"line":19,"column":3}},{"start":{},"end":{}}],"line":17},"1":{"loc":{"start":{"line":37,"column":6},"end":{"line":50,"column":7}},"type":"if","locations":[{"start":{"line":37,"column":6},"end":{"line":50,"column":7}},{"start":{},"end":{}}],"line":37},"2":{"loc":{"start":{"line":52,"column":6},"end":{"line":56,"column":7}},"type":"if","locations":[{"start":{"line":52,"column":6},"end":{"line":56,"column":7}},{"start":{"line":54,"column":13},"end":{"line":56,"column":7}}],"line":52},"3":{"loc":{"start":{"line":65,"column":6},"end":{"line":77,"column":7}},"type":"if","locations":[{"start":{"line":65,"column":6},"end":{"line":77,"column":7}},{"start":{},"end":{}}],"line":65},"4":{"loc":{"start":{"line":79,"column":6},"end":{"line":83,"column":7}},"type":"if","locations":[{"start":{"line":79,"column":6},"end":{"line":83,"column":7}},{"start":{"line":81,"column":13},"end":{"line":83,"column":7}}],"line":79},"5":{"loc":{"start":{"line":97,"column":6},"end":{"line":101,"column":7}},"type":"if","locations":[{"start":{"line":97,"column":6},"end":{"line":101,"column":7}},{"start":{"line":99,"column":13},"end":{"line":101,"column":7}}],"line":97},"6":{"loc":{"start":{"line":108,"column":6},"end":{"line":117,"column":19}},"type":"cond-expr","locations":[{"start":{"line":109,"column":10},"end":{"line":116,"column":9}},{"start":{"line":117,"column":10},"end":{"line":117,"column":19}}],"line":108},"7":{"loc":{"start":{"line":113,"column":12},"end":{"line":115,"column":27}},"type":"cond-expr","locations":[{"start":{"line":114,"column":16},"end":{"line":114,"column":38}},{"start":{"line":115,"column":16},"end":{"line":115,"column":27}}],"line":113}},"s":{"0":1,"1":1,"2":2,"3":2,"4":0,"5":2,"6":1,"7":2,"8":2,"9":2,"10":2,"11":1,"12":1,"13":1,"14":1,"15":1,"16":1,"17":1,"18":1,"19":0,"20":0,"21":0,"22":2,"23":0,"24":0,"25":0,"26":0,"27":0,"28":0,"29":0,"30":0,"31":0,"32":0,"33":2,"34":0,"35":0,"36":0,"37":0,"38":0,"39":0,"40":0,"41":0,"42":2,"43":0,"44":0,"45":2},"f":{"0":2,"1":2,"2":1,"3":0,"4":0,"5":0,"6":0},"b":{"0":[0,2],"1":[1,0],"2":[0,0],"3":[0,0],"4":[0,0],"5":[0,0],"6":[0,0],"7":[0,0]},"_coverageSchema":"1a1c01bbd47fc00a2c39e90264f33305004495a9","hash":"6a7a49fea799256e9f8e12bda1038c9ab027f626"}
,"/home/malte/Developer/Study/gardeningApp/green-fingers/test-utils/mockFetch.ts": {"path":"/home/malte/Developer/Study/gardeningApp/green-fingers/test-utils/mockFetch.ts","statementMap":{"0":{"start":{"line":1,"column":33},"end":{"line":7,"column":2}},"1":{"start":{"line":2,"column":1},"end":{"line":7,"column":2}},"2":{"start":{"line":3,"column":2},"end":{"line":6,"column":4}},"3":{"start":{"line":5,"column":15},"end":{"line":5,"column":36}}},"fnMap":{"0":{"name":"(anonymous_0)","decl":{"start":{"line":1,"column":33},"end":{"line":1,"column":34}},"loc":{"start":{"line":2,"column":1},"end":{"line":7,"column":2}},"line":2},"1":{"name":"(anonymous_1)","decl":{"start":{"line":2,"column":9},"end":{"line":2,"column":10}},"loc":{"start":{"line":3,"column":2},"end":{"line":6,"column":4}},"line":3},"2":{"name":"(anonymous_2)","decl":{"start":{"line":5,"column":9},"end":{"line":5,"column":10}},"loc":{"start":{"line":5,"column":15},"end":{"line":5,"column":36}},"line":5}},"branchMap":{"0":{"loc":{"start":{"line":4,"column":7},"end":{"line":4,"column":36}},"type":"binary-expr","locations":[{"start":{"line":4,"column":7},"end":{"line":4,"column":20}},{"start":{"line":4,"column":24},"end":{"line":4,"column":36}}],"line":4}},"s":{"0":1,"1":5,"2":5,"3":5},"f":{"0":5,"1":5,"2":5},"b":{"0":[5,5]},"_coverageSchema":"1a1c01bbd47fc00a2c39e90264f33305004495a9","hash":"6fc781a56e063ede838572b371f1432e137a2b5d"}
}
