TN:
SF:api/auth.ts
FN:26,(anonymous_0)
FN:50,(anonymous_1)
FNF:2
FNH:2
FNDA:3,(anonymous_0)
FNDA:2,(anonymous_1)
DA:24,2
DA:26,2
DA:27,3
DA:29,3
DA:41,3
DA:43,3
DA:44,2
DA:47,1
DA:50,2
DA:51,2
DA:53,2
DA:64,2
DA:66,2
DA:67,1
DA:70,1
LF:15
LH:15
BRDA:43,0,0,2
BRDA:43,0,1,1
BRDA:66,1,0,1
BRDA:66,1,1,1
BRF:4
BRH:4
end_of_record
TN:
SF:context/AuthContext.tsx
FN:15,(anonymous_0)
FN:23,(anonymous_1)
FN:33,(anonymous_2)
FN:61,(anonymous_3)
FN:88,(anonymous_4)
FN:106,(anonymous_5)
FN:107,(anonymous_6)
FNF:7
FNH:3
FNDA:2,(anonymous_0)
FNDA:2,(anonymous_1)
FNDA:1,(anonymous_2)
FNDA:0,(anonymous_3)
FNDA:0,(anonymous_4)
FNDA:0,(anonymous_5)
FNDA:0,(anonymous_6)
DA:13,1
DA:15,1
DA:16,2
DA:17,2
DA:18,0
DA:20,2
DA:23,1
DA:26,2
DA:28,2
DA:30,2
DA:33,2
DA:34,1
DA:35,1
DA:37,1
DA:38,1
DA:39,1
DA:44,1
DA:45,1
DA:49,1
DA:52,0
DA:53,0
DA:55,0
DA:61,2
DA:62,0
DA:63,0
DA:65,0
DA:66,0
DA:67,0
DA:72,0
DA:73,0
DA:79,0
DA:80,0
DA:82,0
DA:88,2
DA:89,0
DA:90,0
DA:91,0
DA:93,0
DA:95,0
DA:97,0
DA:98,0
DA:100,0
DA:106,2
DA:107,0
DA:108,0
DA:121,2
LF:46
LH:22
BRDA:17,0,0,0
BRDA:17,0,1,2
BRDA:37,1,0,1
BRDA:37,1,1,0
BRDA:52,2,0,0
BRDA:52,2,1,0
BRDA:65,3,0,0
BRDA:65,3,1,0
BRDA:79,4,0,0
BRDA:79,4,1,0
BRDA:97,5,0,0
BRDA:97,5,1,0
BRDA:108,6,0,0
BRDA:108,6,1,0
BRDA:113,7,0,0
BRDA:113,7,1,0
BRF:16
BRH:2
end_of_record
TN:
SF:test-utils/mockFetch.ts
FN:1,(anonymous_0)
FN:2,(anonymous_1)
FN:5,(anonymous_2)
FNF:3
FNH:3
FNDA:5,(anonymous_0)
FNDA:5,(anonymous_1)
FNDA:5,(anonymous_2)
DA:1,1
DA:2,5
DA:3,5
DA:5,5
LF:4
LH:4
BRDA:4,0,0,5
BRDA:4,0,1,5
BRF:2
BRH:2
end_of_record
