TN:
SF:app/(auth)/login.tsx
FN:18,LoginForm
FN:27,(anonymous_1)
FN:28,(anonymous_2)
FN:34,(anonymous_3)
FN:35,(anonymous_4)
FN:41,(anonymous_5)
FN:69,(anonymous_6)
FN:71,(anonymous_7)
FN:80,(anonymous_8)
FN:82,(anonymous_9)
FN:90,(anonymous_10)
FN:98,(anonymous_11)
FNF:12
FNH:8
FNDA:9,LoginForm
FNDA:3,(anonymous_1)
FNDA:3,(anonymous_2)
FNDA:2,(anonymous_3)
FNDA:2,(anonymous_4)
FNDA:3,(anonymous_5)
FNDA:2,(anonymous_6)
FNDA:0,(anonymous_7)
FNDA:1,(anonymous_8)
FNDA:0,(anonymous_9)
FNDA:0,(anonymous_10)
FNDA:0,(anonymous_11)
DA:19,9
DA:20,9
DA:25,9
DA:27,9
DA:28,3
DA:34,9
DA:35,2
DA:41,9
DA:42,3
DA:44,3
DA:45,1
DA:46,1
DA:49,2
DA:50,1
DA:51,1
DA:54,1
DA:57,9
DA:69,2
DA:71,0
DA:80,1
DA:82,0
DA:90,0
DA:98,0
DA:109,1
LF:24
LH:20
BRDA:44,0,0,1
BRDA:44,0,1,2
BRDA:49,1,0,1
BRDA:49,1,1,1
BRF:4
BRH:4
end_of_record
TN:
SF:components/Button.tsx
FN:26,(anonymous_0)
FN:35,(anonymous_1)
FN:63,(anonymous_2)
FNF:3
FNH:3
FNDA:27,(anonymous_0)
FNDA:27,(anonymous_1)
FNDA:27,(anonymous_2)
DA:26,1
DA:35,27
DA:36,27
DA:38,9
DA:44,9
DA:51,9
DA:59,27
DA:61,27
DA:63,27
DA:89,1
LF:10
LH:10
BRDA:29,0,0,27
BRDA:30,1,0,9
BRDA:31,2,0,27
BRDA:36,3,0,9
BRDA:36,3,1,9
BRDA:36,3,2,9
BRDA:36,3,3,9
BRDA:39,4,0,9
BRDA:39,4,1,0
BRDA:41,5,0,0
BRDA:41,5,1,9
BRDA:45,6,0,9
BRDA:45,6,1,0
BRDA:47,7,0,0
BRDA:47,7,1,9
BRDA:52,8,0,9
BRDA:52,8,1,0
BRDA:54,9,0,0
BRDA:54,9,1,9
BRDA:65,10,0,27
BRDA:65,10,1,0
BRDA:72,11,0,27
BRDA:72,11,1,9
BRDA:79,12,0,27
BRDA:79,12,1,9
BRF:25
BRH:18
end_of_record
TN:
SF:components/Input.tsx
FN:29,(anonymous_0)
FN:44,(anonymous_1)
FN:58,(anonymous_2)
FN:111,(anonymous_3)
FN:115,(anonymous_4)
FN:124,(anonymous_5)
FNF:6
FNH:3
FNDA:20,(anonymous_0)
FNDA:10,(anonymous_1)
FNDA:20,(anonymous_2)
FNDA:0,(anonymous_3)
FNDA:0,(anonymous_4)
FNDA:0,(anonymous_5)
DA:29,1
DA:40,20
DA:41,20
DA:42,20
DA:44,20
DA:45,10
DA:46,2
DA:47,8
DA:48,0
DA:49,8
DA:50,0
DA:51,8
DA:52,0
DA:54,8
DA:58,20
DA:59,20
DA:61,0
DA:66,0
DA:71,0
DA:76,2
DA:81,0
DA:87,18
DA:94,20
DA:96,20
DA:112,0
DA:113,0
DA:115,0
DA:124,0
DA:138,1
LF:29
LH:18
BRDA:32,0,0,20
BRDA:36,1,0,10
BRDA:45,2,0,2
BRDA:45,2,1,8
BRDA:47,3,0,0
BRDA:47,3,1,8
BRDA:49,4,0,0
BRDA:49,4,1,8
BRDA:51,5,0,0
BRDA:51,5,1,8
BRDA:59,6,0,0
BRDA:59,6,1,0
BRDA:59,6,2,0
BRDA:59,6,3,2
BRDA:59,6,4,0
BRDA:59,6,5,18
BRDA:59,6,6,18
BRDA:101,7,0,20
BRDA:101,7,1,20
BRDA:116,8,0,20
BRDA:116,8,1,10
BRDA:119,9,0,20
BRDA:119,9,1,10
BRDA:121,10,0,10
BRDA:121,10,1,0
BRDA:129,11,0,20
BRDA:129,11,1,0
BRDA:130,12,0,20
BRDA:130,12,1,0
BRDA:131,13,0,20
BRDA:131,13,1,4
BRF:31
BRH:21
end_of_record
TN:
SF:constants/colors.ts
FNF:0
FNH:0
DA:2,1
LF:1
LH:1
BRF:0
BRH:0
end_of_record
TN:
SF:constants/textStyles.ts
FNF:0
FNH:0
DA:4,1
LF:1
LH:1
BRF:0
BRH:0
end_of_record
